<?xml version="1.0" encoding="UTF-8"?>
<testng-results skipped="0" failed="0" ignored="0" total="1" passed="1">
  <reporter-output>
  </reporter-output>
  <suite name="Default suite" duration-ms="18270" started-at="2018-09-04T06:11:06Z" finished-at="2018-09-04T06:11:24Z">
    <groups>
    </groups>
    <test name="Default test" duration-ms="18270" started-at="2018-09-04T06:11:06Z" finished-at="2018-09-04T06:11:24Z">
      <class name="com.testcases.GuruAddCustomer">
        <test-method status="PASS" signature="start()[pri:0, instance:com.testcases.GuruAddCustomer@a38d7a3]" name="start" is-config="true" duration-ms="13" started-at="2018-09-04T06:11:06Z" description="This method is used for set-up" finished-at="2018-09-04T06:11:06Z">
          <reporter-output>
          </reporter-output>
        </test-method> <!-- start -->
        <test-method status="PASS" signature="runner()[pri:0, instance:com.testcases.GuruAddCustomer@a38d7a3]" name="runner" duration-ms="16532" started-at="2018-09-04T06:11:06Z" finished-at="2018-09-04T06:11:23Z">
          <reporter-output>
          </reporter-output>
        </test-method> <!-- runner -->
        <test-method status="PASS" signature="end()[pri:0, instance:com.testcases.GuruAddCustomer@a38d7a3]" name="end" is-config="true" duration-ms="1702" started-at="2018-09-04T06:11:23Z" description="This method is used for Garbage Collection" finished-at="2018-09-04T06:11:24Z">
          <reporter-output>
          </reporter-output>
        </test-method> <!-- end -->
      </class> <!-- com.testcases.GuruAddCustomer -->
    </test> <!-- Default test -->
  </suite> <!-- Default suite -->
</testng-results>
